"../../../Engine/Content/BasicShapes/BasicShapeMaterial.uasset" 0
"../../../Engine/Content/Functions/Engine_MaterialFunctions01/Opacity/CameraDepthFade.uasset" 1
"../../../Engine/Content/EngineMaterials/T_Default_Material_Grid_M.uasset" 2
"../../../Engine/Content/EngineMaterials/T_Default_Material_Grid_N.uasset" 3
"../../../Engine/Content/EngineMaterials/WorldGridMaterial.uasset" 4
"../../../Engine/Content/BasicShapes/Cube.uasset" 5
"../../../InfinityLab/Content/TransportPad.uasset" 6
"../../../InfinityLab/Content/VirtualReality/Mannequin/Character/Mesh/MannequinHand_Right_Skeleton.uasset" 7
"../../../InfinityLab/Content/VirtualReality/Mannequin/Animations/MannequinHand_Right_CanGrab.uasset" 8
"../../../InfinityLab/Content/VirtualReality/Mannequin/Animations/MannequinHand_Right_Grab.uasset" 9
"../../../InfinityLab/Content/VirtualReality/Mannequin/Animations/MannequinHand_Right_Open.uasset" 10
"../../../InfinityLab/Content/VirtualReality/Mannequin/Animations/RightGrip_BS.uasset" 11
"../../../InfinityLab/Content/VirtualRealityBP/Blueprints/GripEnum.uasset" 12
"../../../InfinityLab/Content/VirtualReality/Mannequin/Animations/RightHand_AnimBP.uasset" 13
"../../../Engine/Content/EditorBlueprintResources/StandardMacros.uasset" 14
"../../../InfinityLab/Content/VirtualRealityBP/Blueprints/PickupActorInterface.uasset" 15
"../../../InfinityLab/Content/VirtualRealityBP/Blueprints/MotionControllerHaptics.uasset" 16
"../../../Engine/Content/Functions/Engine_MaterialFunctions02/Utility/BreakOutFloat2Components.uasset" 17
"../../../Engine/Content/Functions/Engine_MaterialFunctions01/Texturing/ScaleUVsByCenter.uasset" 18
"../../../Engine/Content/Functions/Engine_MaterialFunctions02/ScreenResolution.uasset" 19
"../../../Engine/Content/Functions/Engine_MaterialFunctions02/Texturing/ScreenAlignedUVs.uasset" 20
"../../../Engine/Content/Functions/Engine_MaterialFunctions02/Utility/CameraDirectionVector.uasset" 21
"../../../Engine/Content/Functions/Engine_MaterialFunctions02/Utility/DepthFromWorldPosition.uasset" 22
"../../../InfinityLab/Content/VirtualReality/Materials/MF_OccludedPixels.uasset" 23
"../../../InfinityLab/Content/VirtualReality/Materials/TeleportMCP.uasset" 24
"../../../Engine/Content/EngineMaterials/Good64x64TilingNoiseHighFreq.uasset" 25
"../../../InfinityLab/Content/VirtualReality/Materials/M_ArcEndpoint.uasset" 26
"../../../InfinityLab/Content/VirtualReality/Materials/M_SplineArcMat.uasset" 27
"../../../InfinityLab/Content/VirtualReality/Materials/M_TeleportPreviews.uasset" 28
"../../../InfinityLab/Content/VirtualReality/Materials/MI_ChaperoneOutline.uasset" 29
"../../../InfinityLab/Content/VirtualReality/Materials/MI_TeleportCylinderPreview.uasset" 30
"../../../Engine/Content/EngineMaterials/DefaultMaterial.uasset" 31
"../../../Engine/Content/BasicShapes/Cylinder.uasset" 32
"../../../Engine/Content/BasicShapes/Sphere.uasset" 33
"../../../InfinityLab/Content/VirtualReality/Mannequin/Character/Textures/UE4_Mannequin__normals.uasset" 34
"../../../InfinityLab/Content/VirtualReality/Mannequin/Character/Textures/UE4_Mannequin_MAT_MASKA.uasset" 35
"../../../InfinityLab/Content/VirtualReality/Mannequin/Character/Materials/M_HandMat.uasset" 36
"../../../InfinityLab/Content/VirtualReality/Mannequin/Character/Mesh/MannequinHand_Right_PhysicsAsset.uasset" 37
"../../../InfinityLab/Content/VirtualReality/Mannequin/Character/Mesh/MannequinHand_Right.uasset" 38
"../../../InfinityLab/Content/VirtualReality/Meshes/1x1_cube.uasset" 39
"../../../InfinityLab/Content/VirtualReality/Meshes/BeaconDirection.uasset" 40
"../../../InfinityLab/Content/VirtualReality/Meshes/BeamMesh.uasset" 41
"../../../InfinityLab/Content/VirtualReality/Meshes/SM_FatCylinder.uasset" 42
"../../../InfinityLab/Content/VirtualRealityBP/Blueprints/BP_MotionController.uasset" 43
"../../../InfinityLab/Content/VirtualReality/Materials/M_BaseMaterial.uasset" 44
"../../../InfinityLab/Content/VirtualReality/Materials/MI_BaseMaterial3.uasset" 45
"../../../InfinityLab/Content/Wall1.uasset" 46
"../../../InfinityLab/Content/Wall1_StaticMesh_Blueprint.uasset" 47
"../../../InfinityLab/Content/Assets/BuzzerLight/BlackGlowing.uasset" 48
"../../../InfinityLab/Content/Assets/BuzzerLight/GreenGlowing.uasset" 49
"../../../InfinityLab/Content/Assets/BuzzerLight/LightCones.uasset" 50
"../../../InfinityLab/Content/Assets/BuzzerLight/RedGlowing.uasset" 51
"../../../Engine/Content/Functions/Engine_MaterialFunctions01/Density/ExponentialDensity.uasset" 52
"../../../Engine/Content/Functions/Engine_MaterialFunctions01/Gradient/RadialGradientExponential.uasset" 53
"../../../InfinityLab/Content/Assets/Explosion/Orange_EX.uasset" 54
"../../../InfinityLab/Content/Assets/Explosion/Red_EX.uasset" 55
"../../../InfinityLab/Content/Assets/Explosion/White_EX.uasset" 56
"../../../InfinityLab/Content/Assets/Explosion/Yellow_EX.uasset" 57
"../../../InfinityLab/Content/Assets/Explosion/Explosion.uasset" 58
"../../../Engine/Content/Functions/Engine_MaterialFunctions01/Gradient/LinearGradient.uasset" 59
"../../../Engine/Content/Functions/Engine_MaterialFunctions01/Gradient/DiamondGradient.uasset" 60
"../../../InfinityLab/Content/Assets/Fireworks/Diamond/FW_BlueDiam.uasset" 61
"../../../InfinityLab/Content/Assets/Fireworks/Diamond/FW_GreenDiam.uasset" 62
"../../../InfinityLab/Content/Assets/Fireworks/Diamond/FW_YellowDiam.uasset" 63
"../../../InfinityLab/Content/Assets/Fireworks/Diamond/Diamond_FW.uasset" 64
"../../../InfinityLab/Content/Assets/Fireworks/Round/FW_Orange_2.uasset" 65
"../../../InfinityLab/Content/Assets/Fireworks/Round/FW_Red_2.uasset" 66
"../../../InfinityLab/Content/Assets/Fireworks/Round/FW_Yellow.uasset" 67
"../../../InfinityLab/Content/Assets/Fireworks/Round/Level1_Blue.uasset" 68
"../../../InfinityLab/Content/Assets/Fireworks/Round/Level1_Orange.uasset" 69
"../../../InfinityLab/Content/Assets/Fireworks/Round/Level1_Pink.uasset" 70
"../../../InfinityLab/Content/Assets/Fireworks/Round/Level1Fireworks_2.uasset" 71
"../../../InfinityLab/Content/Assets/Fireworks/Round/Level1_Pink_2.uasset" 72
"../../../Engine/Content/EngineFonts/RobotoDistanceField.uasset" 73
"../../../InfinityLab/Content/Assets/Fonts/DefaultTextMaterialOpaque.uasset" 74
"../../../InfinityLab/Content/Assets/Fonts/digital-7.uasset" 75
"../../../InfinityLab/Content/Assets/Fonts/digital-7_Font.uasset" 76
"../../../InfinityLab/Content/Assets/Fonts/DigitalFont.uasset" 77
"../../../InfinityLab/Content/Assets/Fonts/QUIRKYROBOT_Font.uasset" 78
"../../../InfinityLab/Content/Assets/Fonts/FontTest.uasset" 79
"../../../InfinityLab/Content/Assets/Fonts/PG_Roof_Runners_bold.uasset" 80
"../../../InfinityLab/Content/Assets/Fonts/QUIRKYROBOT.uasset" 81
"../../../InfinityLab/Content/Assets/Fonts/TextTest.uasset" 82
"../../../InfinityLab/Content/Assets/Haptics/Level1/BurnerButton.uasset" 83
"../../../InfinityLab/Content/Assets/Haptics/Level2/BurnerButton.uasset" 84
"../../../InfinityLab/Content/Assets/Haptics/Level2/FlaskHaptic.uasset" 85
"../../../InfinityLab/Content/Assets/Haptics/Level2/TTHaptic.uasset" 86
"../../../InfinityLab/Content/Assets/Interfaces/TestInterface.uasset" 87
"../../../InfinityLab/Content/Assets/KaitlynsPuzzles/Flasks/lambert1.uasset" 88
"../../../InfinityLab/Content/Assets/KaitlynsPuzzles/Flasks/Flask_Center.uasset" 89
"../../../InfinityLab/Content/Assets/KaitlynsPuzzles/Flasks/Flask_New.uasset" 90
"../../../InfinityLab/Content/Assets/KaitlynsPuzzles/KaitlynMaterials/MayaMaterials/lambert1.uasset" 91
"../../../InfinityLab/Content/Assets/KaitlynsPuzzles/Flasks/Flask_pasted__pasted__pasted__pCylinder4.uasset" 92
"../../../InfinityLab/Content/Assets/KaitlynsPuzzles/Flasks/Flask_pasted__pasted__pCylinder3.uasset" 93
"../../../InfinityLab/Content/Assets/KaitlynsPuzzles/Flasks/Flask_pasted__pasted__pCylinder4.uasset" 94
"../../../InfinityLab/Content/Assets/KaitlynsPuzzles/Flasks/Flask_pCylinder1.uasset" 95
"../../../InfinityLab/Content/Assets/KaitlynsPuzzles/Flasks/Flask_pCylinder2.uasset" 96
"../../../InfinityLab/Content/Assets/KaitlynsPuzzles/KaitlynMaterials/Flask1Trans.uasset" 97
"../../../InfinityLab/Content/Assets/KaitlynsPuzzles/Flasks/Flask_Trial.uasset" 98
"../../../InfinityLab/Content/Assets/KaitlynsPuzzles/Flasks/lambert2.uasset" 99
"../../../InfinityLab/Content/Assets/KaitlynsPuzzles/Flasks/lambert3.uasset" 100
"../../../InfinityLab/Content/Assets/KaitlynsPuzzles/Flasks/lambert4.uasset" 101
"../../../InfinityLab/Content/Assets/KaitlynsPuzzles/Flasks/lambert5.uasset" 102
"../../../InfinityLab/Content/Assets/KaitlynsPuzzles/Flasks/lambert6.uasset" 103
"../../../InfinityLab/Content/Assets/KaitlynsPuzzles/Flasks/lambert7.uasset" 104
"../../../InfinityLab/Content/StarterContent/Textures/T_Burst_M.uasset" 105
"../../../InfinityLab/Content/StarterContent/Particles/Materials/M_Burst.uasset" 106
"../../../InfinityLab/Content/StarterContent/Textures/T_Explosion_SubUV.uasset" 107
"../../../InfinityLab/Content/StarterContent/Particles/Materials/M_explosion_subUV.uasset" 108
"../../../InfinityLab/Content/StarterContent/Particles/Materials/m_flare_01.uasset" 109
"../../../Engine/Content/Functions/Engine_MaterialFunctions01/Gradient/RadialGradient.uasset" 110
"../../../InfinityLab/Content/StarterContent/Particles/Materials/M_radial_ramp.uasset" 111
"../../../InfinityLab/Content/StarterContent/Textures/T_Smoke_SubUV.uasset" 112
"../../../InfinityLab/Content/StarterContent/Textures/T_Smoke_Tiled_D.uasset" 113
"../../../InfinityLab/Content/StarterContent/Particles/Materials/M_smoke_subUV.uasset" 114
"../../../InfinityLab/Content/StarterContent/Particles/P_Explosion.uasset" 115
"../../../InfinityLab/Content/Assets/KaitlynsPuzzles/KaitlynBP/Explosion.uasset" 116
"../../../InfinityLab/Content/Assets/KristinaPuzzles/Level2/Cylinder_Blueprint.uasset" 117
"../../../InfinityLab/Content/StarterContent/Materials/M_Basic_Wall.uasset" 118
"../../../InfinityLab/Content/StarterContent/Shapes/Shape_Pipe.uasset" 119
"../../../InfinityLab/Content/Assets/KristinaPuzzles/Mastermind/Button1.uasset" 120
"../../../InfinityLab/Content/Assets/KristinaPuzzles/Mastermind/Colors/GlowingYellow.uasset" 121
"../../../InfinityLab/Content/Assets/Materials/Blue.uasset" 122
"../../../InfinityLab/Content/Assets/Materials/BlueGlowing.uasset" 123
"../../../InfinityLab/Content/Assets/Materials/Green.uasset" 124
"../../../InfinityLab/Content/Assets/Materials/InstructionsBoardGLOW.uasset" 125
"../../../InfinityLab/Content/Assets/Materials/M_Basic_Wall.uasset" 126
"../../../InfinityLab/Content/Assets/Materials/RedGlowing.uasset" 127
"../../../InfinityLab/Content/Assets/Materials/WallTest1.uasset" 128
"../../../InfinityLab/Content/Assets/Outlets/Outlet_copy.uasset" 129
"../../../InfinityLab/Content/Assets/NewTransportPad/phongE1.uasset" 130
"../../../InfinityLab/Content/Assets/NewTransportPad/phongE2.uasset" 131
"../../../InfinityLab/Content/Assets/NewTransportPad/phongE3.uasset" 132
"../../../InfinityLab/Content/Assets/NewTransportPad/phongE4.uasset" 133
"../../../InfinityLab/Content/Assets/NewTransportPad/Teleport_Pad.uasset" 134
"../../../InfinityLab/Content/Assets/Outlets/ChromeTexture2.uasset" 135
"../../../InfinityLab/Content/Assets/Outlets/face_covering1.uasset" 136
"../../../InfinityLab/Content/Assets/Outlets/Outlet_copy_Mat.uasset" 137
"../../../InfinityLab/Content/Assets/Outlets/lambert1.uasset" 138
"../../../InfinityLab/Content/Assets/Outlets/Vent.uasset" 139
"../../../InfinityLab/Content/Assets/Sequences/Level1/FadeUp_Level1.uasset" 140
"../../../InfinityLab/Content/Assets/Sounds/Alert2.uasset" 141
"../../../InfinityLab/Content/Assets/Sounds/Beep_Ping-SoundBible_com-217088959.uasset" 142
"../../../InfinityLab/Content/Assets/Sounds/Bounce.uasset" 143
"../../../InfinityLab/Content/Assets/Sounds/Checkout_Scanner_Beep-SoundBible_com-593325210_2.uasset" 144
"../../../InfinityLab/Content/Assets/Sounds/Checkout_Scanner_Beep-SoundBible_com-593325210_3.uasset" 145
"../../../InfinityLab/Content/Assets/Sounds/Checkout_Scanner_Beep-SoundBible_com-593325210_4.uasset" 146
"../../../InfinityLab/Content/Assets/Sounds/Computer_Magic-Microsift-1901299923.uasset" 147
"../../../InfinityLab/Content/Assets/Sounds/NewSoundClass.uasset" 148
"../../../InfinityLab/Content/Assets/Sounds/CorrectPuzzle.uasset" 149
"../../../InfinityLab/Content/Assets/Sounds/Ding_Sound_Effect.uasset" 150
"../../../InfinityLab/Content/Assets/Sounds/humming.uasset" 151
"../../../InfinityLab/Content/Assets/Sounds/Robobozo.uasset" 152
"../../../InfinityLab/Content/Assets/Sounds/Music/VRLevel1Reverb_2.uasset" 153
"../../../InfinityLab/Content/Assets/StaticMeshes/Roof.uasset" 154
"../../../InfinityLab/Content/Assets/StaticMeshes/Sphere_Blueprint_TEST.uasset" 155
"../../../InfinityLab/Content/Assets/BuzzerLight/Red.uasset" 156
"../../../InfinityLab/Content/Assets/KristinaPuzzles/Mastermind/Colors/Red.uasset" 157
"../../../InfinityLab/Content/Assets/KristinaPuzzles/Mastermind/Colors/White.uasset" 158
"../../../InfinityLab/Content/Assets/StaticMeshes/Base/Target.uasset" 159
"../../../InfinityLab/Content/Assets/StaticMeshes/Level2/TTbottom.uasset" 160
"../../../InfinityLab/Content/Assets/StaticMeshes/Level3Panels/TestPanelComponent.uasset" 161
"../../../InfinityLab/Content/Assets/KristinaPuzzles/Mastermind/22471751_1198605193606359_375597541_n.uasset" 162
"../../../InfinityLab/Content/Assets/KristinaPuzzles/Mastermind/PastGuesses.uasset" 163
"../../../InfinityLab/Content/Assets/StaticMeshes/RoomMeshes/GuessesScreen.uasset" 164
"../../../Engine/Content/BufferVisualization/BaseColor.uasset" 165
"../../../InfinityLab/Content/Assets/StaticMeshes/RoomMeshes/InstructionPanel.uasset" 166
"../../../InfinityLab/Content/Assets/StaticMeshes/RoomMeshes/pedestal.uasset" 167
"../../../InfinityLab/Content/Assets/Textures/AlienWall.uasset" 168
"../../../InfinityLab/Content/Assets/Textures/BrickMat.uasset" 169
"../../../InfinityLab/Content/Assets/Textures/BrickWall_Mat.uasset" 170
"../../../InfinityLab/Content/Assets/Textures/ChromeTexture2.uasset" 171
"../../../InfinityLab/Content/Assets/Textures/diamond_texture_copy.uasset" 172
"../../../InfinityLab/Content/Assets/Textures/diamond_texture_copy_Mat.uasset" 173
"../../../InfinityLab/Content/Assets/Textures/Metal_sciFiCurveyWall.uasset" 174
"../../../InfinityLab/Content/Geometry/Meshes/CubeMaterial.uasset" 175
"../../../InfinityLab/Content/Geometry/Meshes/1M_Cube_Chamfer.uasset" 176
"../../../InfinityLab/Content/Geometry/Meshes/TemplateFloor.uasset" 177
"../../../InfinityLab/Content/StarterContent/Audio/Explosion_Cue.uasset" 178
"../../../InfinityLab/Content/StarterContent/Blueprints/Blueprint_Effect_Explosion.uasset" 179
"../../../InfinityLab/Content/StarterContent/Blueprints/Assets/FogBrightnessLUT.uasset" 180
"../../../InfinityLab/Content/StarterContent/Blueprints/Assets/M_LightStage_Arrows.uasset" 181
"../../../Engine/Content/MapTemplates/Sky/DaylightAmbientCubemap.uasset" 182
"../../../InfinityLab/Content/StarterContent/Blueprints/Assets/M_LightStage_Skybox_Master.uasset" 183
"../../../InfinityLab/Content/StarterContent/Blueprints/Assets/M_LightStage_Skybox_HDRI.uasset" 184
"../../../Engine/Content/EditorMaterials/Thumbnails/SkySphereMaterial.uasset" 185
"../../../InfinityLab/Content/StarterContent/Blueprints/Assets/Skybox.uasset" 186
"../../../InfinityLab/Content/StarterContent/Blueprints/Assets/SM_Arrows.uasset" 187
"../../../InfinityLab/Content/StarterContent/Blueprints/Assets/SunlightColorLUT.uasset" 188
"../../../InfinityLab/Content/StarterContent/Textures/T_Dust_Particle_D.uasset" 189
"../../../InfinityLab/Content/StarterContent/Particles/Materials/M_Dust_Particle.uasset" 190
"../../../InfinityLab/Content/StarterContent/Textures/T_Fire_SubUV.uasset" 191
"../../../InfinityLab/Content/StarterContent/Textures/T_Fire_Tiled_D.uasset" 192
"../../../InfinityLab/Content/StarterContent/Particles/Materials/M_Fire_SubUV.uasset" 193
"../../../InfinityLab/Content/StarterContent/Textures/T_Water_N.uasset" 194
"../../../InfinityLab/Content/StarterContent/Particles/Materials/M_Heat_Distortion.uasset" 195
"../../../InfinityLab/Content/StarterContent/Particles/Materials/M_Radial_Gradient.uasset" 196
"../../../InfinityLab/Content/StarterContent/Textures/T_Spark_Core.uasset" 197
"../../../InfinityLab/Content/StarterContent/Particles/Materials/M_Spark.uasset" 198
"../../../InfinityLab/Content/StarterContent/Shapes/Shape_Cone.uasset" 199
"../../../InfinityLab/Content/StarterContent/Shapes/Shape_Cube.uasset" 200
"../../../InfinityLab/Content/StarterContent/Shapes/Shape_NarrowCapsule.uasset" 201
"../../../InfinityLab/Content/StarterContent/Shapes/Shape_Pipe_180.uasset" 202
"../../../InfinityLab/Content/StarterContent/Shapes/Shape_Pipe_90.uasset" 203
"../../../InfinityLab/Content/StarterContent/Shapes/Shape_Plane.uasset" 204
"../../../InfinityLab/Content/StarterContent/Shapes/Shape_QuadPyramid.uasset" 205
"../../../InfinityLab/Content/StarterContent/Shapes/Shape_Sphere.uasset" 206
"../../../InfinityLab/Content/StarterContent/Shapes/Shape_Torus.uasset" 207
"../../../InfinityLab/Content/StarterContent/Shapes/Shape_Trim.uasset" 208
"../../../InfinityLab/Content/StarterContent/Shapes/Shape_Trim_90_In.uasset" 209
"../../../InfinityLab/Content/StarterContent/Shapes/Shape_Trim_90_Out.uasset" 210
"../../../InfinityLab/Content/StarterContent/Shapes/Shape_TriPyramid.uasset" 211
"../../../InfinityLab/Content/StarterContent/Shapes/Shape_Tube.uasset" 212
"../../../InfinityLab/Content/StarterContent/Shapes/Shape_Wedge_A.uasset" 213
"../../../InfinityLab/Content/StarterContent/Shapes/Shape_Wedge_B.uasset" 214
"../../../InfinityLab/Content/StarterContent/Shapes/Shape_WideCapsule.uasset" 215
"../../../InfinityLab/Content/VirtualReality/Materials/GenericHMDMaterial.uasset" 216
"../../../InfinityLab/Content/VirtualReality/Meshes/GenericHMD.uasset" 217
"../../../InfinityLab/Content/VirtualReality/Materials/MI_SmallCubes.uasset" 218
"../../../InfinityLab/Content/Geometry/Meshes/1M_Cube.uasset" 219
"../../../InfinityLab/Content/VirtualRealityBP/Blueprints/BP_PickupCube.uasset" 220
"../../../InfinityLab/Content/VirtualRealityBP/Blueprints/HMDLocomotionPawn.uasset" 221
"../../../Engine/Content/EditorLandscapeResources/DataLayer.uasset" 222
"../../../Engine/Content/EditorMaterials/GizmoMaterial.uasset" 223
"../../../Engine/Content/EditorMaterials/MAT_Groups_Toggle.uasset" 224
"../../../Engine/Content/EditorMaterials/MAT_Groups_Visibility.uasset" 225
"../../../Engine/Content/EditorMaterials/PreviewShadowIndicator.uasset" 226
"../../../Engine/Content/EditorMaterials/PreviewShadowIndicatorMaterial.uasset" 227
"../../../Engine/Content/EditorMaterials/MatineeGroups/MAT_ColorTrack.uasset" 228
"../../../Engine/Content/EditorMaterials/MatineeGroups/MAT_Groups_Anim.uasset" 229
"../../../Engine/Content/EditorMaterials/MatineeGroups/MAT_Groups_AudioMaster.uasset" 230
"../../../Engine/Content/EditorMaterials/MatineeGroups/MAT_Groups_Director.uasset" 231
"../../../Engine/Content/EditorMaterials/MatineeGroups/MAT_Groups_Event.uasset" 232
"../../../Engine/Content/EditorMaterials/MatineeGroups/MAT_Groups_Fade.uasset" 233
"../../../Engine/Content/EditorMaterials/MatineeGroups/MAT_Groups_Float.uasset" 234
"../../../Engine/Content/EditorMaterials/MatineeGroups/MAT_Groups_Move.uasset" 235
"../../../Engine/Content/EditorMaterials/MatineeGroups/MAT_Groups_Slomo.uasset" 236
"../../../Engine/Content/EditorMaterials/MatineeGroups/MAT_Groups_Sound.uasset" 237
"../../../Engine/Content/EditorMaterials/MatineeGroups/MAT_Groups_Vector.uasset" 238
"../../../Engine/Content/EditorMaterials/ParticleSystems/PSysThumbnail_NoImage.uasset" 239
"../../../Engine/Content/EditorMaterials/ParticleSystems/PSysThumbnail_OOD.uasset" 240
"../../../Engine/Content/EditorMaterials/Camera/CineMat.uasset" 241
"../../../Engine/Content/EditorMaterials/Camera/MI_CineMat_Rig.uasset" 242
"../../../Engine/Content/EditorMeshes/Camera/SM_CraneRig_Arm.uasset" 243
"../../../Engine/Content/EditorMeshes/Camera/SM_CraneRig_Base.uasset" 244
"../../../Engine/Content/EditorMeshes/Camera/SM_CraneRig_Body.uasset" 245
"../../../Engine/Content/EditorMeshes/Camera/SM_CraneRig_Mount.uasset" 246
"../../../Engine/Content/EditorMeshes/Camera/SM_RailRig_Mount.uasset" 247
"../../../Engine/Content/EditorMeshes/Camera/SM_RailRig_Track.uasset" 248
"../../../Engine/Content/EditorMeshes/ColorCalibrator/M_ChromeBall.uasset" 249
"../../../Engine/Content/EditorMeshes/ColorCalibrator/M_ClearCoat.uasset" 250
"../../../Engine/Content/EditorMeshes/ColorCalibrator/M_ClearCoatBlack.uasset" 251
"../../../Engine/Content/EditorMeshes/ColorCalibrator/Color_checker.uasset" 252
"../../../Engine/Content/EditorMeshes/ColorCalibrator/M_ColorGrid.uasset" 253
"../../../Engine/Content/EditorMeshes/ColorCalibrator/M_GreyBall.uasset" 254
"../../../Engine/Content/EditorMeshes/ColorCalibrator/SM_ColorCalibrator.uasset" 255
"../../../Engine/Content/EditorResources/BSPVertex.uasset" 256
"../../../Engine/Content/EditorResources/EmptyActor.uasset" 257
"../../../Engine/Content/EditorResources/S_Actor.uasset" 258
"../../../Engine/Content/EditorResources/S_Trigger.uasset" 259
"../../../Engine/Content/EditorResources/AudioIcons/S_AudioComponent_AutoActivate.uasset" 260
"../../../Engine/Content/EditorResources/LightIcons/S_LightError.uasset" 261
"../../../Engine/Content/EditorResources/SequenceRecorder/Countdown.uasset" 262
"../../../Engine/Content/EditorResources/SequenceRecorder/RecordingIndicator.uasset" 263
"../../../Engine/Content/EditorSounds/Notifications/CompileFailed.uasset" 264
"../../../Engine/Content/EditorSounds/Notifications/CompileFailed_Cue.uasset" 265
"../../../Engine/Content/EditorSounds/Notifications/CompileSuccess.uasset" 266
"../../../Engine/Content/EditorSounds/Notifications/CompileStart_Cue.uasset" 267
"../../../Engine/Content/EditorSounds/Notifications/CompileSuccess_Cue.uasset" 268
"../../../Engine/Content/EngineDamageTypes/DmgTypeBP_Environmental.uasset" 269
"../../../Engine/Content/EngineDebugMaterials/HeatmapGradient.uasset" 270
"../../../Engine/Content/EngineDebugMaterials/BoneWeightMaterial.uasset" 271
"../../../Engine/Content/EngineDebugMaterials/ClothMaterial.uasset" 272
"../../../Engine/Content/EngineDebugMaterials/ClothMaterial_WF.uasset" 273
"../../../Engine/Content/EngineDebugMaterials/DebugEditorMaterial.uasset" 274
"../../../Engine/Content/EngineDebugMaterials/DebugMeshMaterial.uasset" 275
"../../../Engine/Content/EngineDebugMaterials/GeomMaterial.uasset" 276
"../../../Engine/Content/EngineFonts/Faces/RobotoBold.uasset" 277
"../../../Engine/Content/EngineFonts/Faces/RobotoBoldItalic.uasset" 278
"../../../Engine/Content/EngineFonts/Faces/RobotoItalic.uasset" 279
"../../../Engine/Content/EngineFonts/Faces/RobotoLight.uasset" 280
"../../../Engine/Content/EngineFonts/Faces/RobotoRegular.uasset" 281
"../../../Engine/Content/EngineFonts/Roboto.uasset" 282
"../../../Engine/Content/EngineFonts/Faces/RobotoTiny.uasset" 283
"../../../Engine/Content/EngineFonts/RobotoTiny.uasset" 284
"../../../Engine/Content/EngineMaterials/DefaultBloomKernel.uasset" 285
"../../../Engine/Content/EngineMaterials/DefaultBokeh.uasset" 286
"../../../Engine/Content/EngineMaterials/DefaultDiffuse.uasset" 287
"../../../Engine/Content/EngineMaterials/DefaultDeferredDecalMaterial.uasset" 288
"../../../Engine/Content/EngineMaterials/DefaultLightFunctionMaterial.uasset" 289
"../../../Engine/Content/EngineMaterials/DefaultPhysicalMaterial.uasset" 290
"../../../Engine/Content/EngineMaterials/DefaultPostProcessMaterial.uasset" 291
"../../../Engine/Content/EngineMaterials/DefaultTextMaterialOpaque.uasset" 292
"../../../Engine/Content/EngineMaterials/DefaultWhiteGrid.uasset" 293
"../../../Engine/Content/EngineMaterials/EditorBrushMaterial.uasset" 294
"../../../Engine/Content/EngineMaterials/MiniFont.uasset" 295
"../../../Engine/Content/EngineMaterials/InvalidLightmapSettings.uasset" 296
"../../../Engine/Content/EngineMaterials/M_InvalidLightmapSettings.uasset" 297
"../../../Engine/Content/Functions/Engine_MaterialFunctions02/WorldPositionOffset/CameraOffset.uasset" 298
"../../../Engine/Content/EngineMaterials/PhAT_JointLimitMaterial.uasset" 299
"../../../Engine/Content/EngineMaterials/PreintegratedSkinBRDF.uasset" 300
"../../../Engine/Content/EngineMaterials/RemoveSurfaceMaterial.uasset" 301
"../../../Engine/Content/EngineMaterials/WeightMapPlaceholderTexture.uasset" 302
"../../../Engine/Content/EngineResources/WhiteSquareTexture.uasset" 303
"../../../Engine/Content/EngineMaterials/Widget3DPassThrough.uasset" 304
"../../../Engine/Content/EngineMaterials/Widget3DPassThrough_Masked.uasset" 305
"../../../Engine/Content/EngineMaterials/Widget3DPassThrough_Opaque.uasset" 306
"../../../Engine/Content/EngineMaterials/Widget3DPassThrough_Masked_OneSided.uasset" 307
"../../../Engine/Content/EngineMaterials/Widget3DPassThrough_Opaque_OneSided.uasset" 308
"../../../Engine/Content/EngineMaterials/Widget3DPassThrough_Translucent.uasset" 309
"../../../Engine/Content/EngineMaterials/Widget3DPassThrough_Translucent_OneSided.uasset" 310
"../../../Engine/Content/EngineMeshes/Cube.uasset" 311
"../../../Engine/Content/EngineMeshes/Cylinder.uasset" 312
"../../../Engine/Content/EngineMeshes/Sphere.uasset" 313
"../../../Engine/Content/EngineResources/Black.uasset" 314
"../../../Engine/Content/EngineResources/DefaultTexture.uasset" 315
"../../../Engine/Content/EngineResources/DefaultTextureCube.uasset" 316
"../../../Engine/Content/EngineResources/GradientTexture0.uasset" 317
"../../../Engine/Content/EngineSounds/Master.uasset" 318
"../../../Engine/Content/Functions/Engine_MaterialFunctions01/Shading/ConvertFromDiffSpec.uasset" 319
"../../../Engine/Content/Functions/Engine_MaterialFunctions01/Shading/PowerToRoughness.uasset" 320
"../../../Engine/Content/Maps/Templates/Thumbnails/Default.uasset" 321
"../../../Engine/Content/Maps/Templates/Thumbnails/VR-Basic.uasset" 322
"../../../Engine/Content/MobileResources/T_MobileControls_texture.uasset" 323
"../../../Engine/Content/MobileResources/T_MobileMenu2.uasset" 324
"../../../Engine/Content/MobileResources/HUD/AnalogHat.uasset" 325
"../../../Engine/Content/MobileResources/HUD/VirtualJoystick_Background.uasset" 326
"../../../Engine/Content/MobileResources/HUD/VirtualJoystick_Thumb.uasset" 327
"../../../Engine/Content/MobileResources/HUD/DefaultVirtualJoysticks.uasset" 328
"../../../Engine/Content/MobileResources/HUD/LeftVirtualJoystickOnly.uasset" 329
"../../../Engine/Content/MobileResources/HUD/MobileHUDButton1_off.uasset" 330
"../../../Engine/Content/MobileResources/HUD/MobileHUDButton1_on.uasset" 331
"../../../Engine/Content/MobileResources/HUD/MobileHUDButton2_off.uasset" 332
"../../../Engine/Content/MobileResources/HUD/MobileHUDButton2_on.uasset" 333
"../../../Engine/Content/MobileResources/HUD/MobileHUDButton3.uasset" 334
"../../../Engine/Content/MobileResources/HUD/MobileHUDButtonFire.uasset" 335
"../../../Engine/Content/MobileResources/HUD/MobileHUDDirectionPad.uasset" 336
"../../../Engine/Content/MobileResources/HUD/MobileHUDDirectionPad2.uasset" 337
"../../../Engine/Content/MobileResources/HUD/MobileHUDDirectionPad3.uasset" 338
"../../../Engine/Content/MobileResources/HUD/MobileHUDDirectionStick.uasset" 339
"../../../Engine/Content/MobileResources/HUD/T_Castle_ThumbstickInner.uasset" 340
"../../../Engine/Content/MobileResources/HUD/T_Castle_ThumbstickOutter.uasset" 341
"../../../Engine/Content/Tutorial/ContentIntroCurve.uasset" 342
"../../../Engine/Content/Tutorial/Basics/TutorialAssets/icon_tab_Levels_40x.uasset" 343
"../../../Engine/Content/Tutorial/BlueprintTutorials/TutorialAssets/BlueprintInterface_64x.uasset" 344
"../../../Engine/Content/Tutorial/BlueprintTutorials/TutorialAssets/BlueprintMacroLibrary_64x.uasset" 345
"../../../Engine/Content/Tutorial/BlueprintTutorials/TutorialAssets/Blueprint_64x.uasset" 346
"../../../Engine/Content/Tutorial/BlueprintTutorials/TutorialAssets/Tutorial_BP_Interface.uasset" 347
"../../../Engine/Content/Tutorial/Foliage/TutorialAssets/Foliage.uasset" 348
"../../../Engine/Content/Tutorial/Landscape/TutorialAssets/Landscape.uasset" 349
"../../../Engine/Content/Tutorial/Paper2D/TutorialAssets/Paper2DFlipbook_TutorialIcon.uasset" 350
"../../../Engine/Content/Tutorial/Paper2D/TutorialAssets/Paper2DSprite_TutorialIcon.uasset" 351
"../../../Engine/Content/Tutorial/SubEditors/TutorialAssets/icon_Editor_Preferences_General_40x.uasset" 352
"../../../Engine/Content/Tutorial/SubEditors/TutorialAssets/icon_ShowSkeletalMeshes_40x.uasset" 353
"../../../Engine/Content/Tutorial/SubEditors/TutorialAssets/TutorialMaterial.uasset" 354
"../../../Engine/Content/Tutorial/SubEditors/TutorialAssets/T_SmokeSubUV_8X8.uasset" 355
"../../../Engine/Content/Tutorial/SubEditors/TutorialAssets/T_soft_smoke.uasset" 356
"../../../Engine/Content/Tutorial/SubEditors/TutorialAssets/M_smoke_subUV_blackbody.uasset" 357
"../../../Engine/Content/Tutorial/SubEditors/TutorialAssets/TutorialParticleSystem.uasset" 358
"../../../Engine/Content/VREditor/Devices/Generic/GenericHMDMaterial.uasset" 359
"../../../Engine/Content/VREditor/Devices/Generic/GenericHMD.uasset" 360
"../../../Engine/Content/VREditor/FloatingText/LineMaterial.uasset" 361
"../../../Engine/Content/VREditor/FloatingText/JointSphere.uasset" 362
"../../../Engine/Content/VREditor/FloatingText/LineSegmentCylinder.uasset" 363
"../../../Engine/Content/VREditor/Fonts/VRText_RobotoLarge.uasset" 364
"../../../Engine/Content/VREditor/Fonts/VRTextMaterial.uasset" 365
"../../../Engine/Content/VREditor/Fonts/TranslucentVRTextMaterial.uasset" 366
"../../../Engine/Content/VREditor/LaserPointer/CursorPointer.uasset" 367
"../../../Engine/Content/VREditor/LaserPointer/VR_LaserPower_01.uasset" 368
"../../../Engine/Content/VREditor/TransformGizmo/TransformGizmoMaterial.uasset" 369
"../../../Engine/Content/VREditor/LaserPointer/HoverMaterial.uasset" 370
"../../../Engine/Content/VREditor/TransformGizmo/TranslucentTransformGizmoMaterial.uasset" 371
"../../../Engine/Content/VREditor/LaserPointer/TranslucentHoverMaterial.uasset" 372
"../../../Engine/Content/VREditor/LaserPointer/HoverMesh.uasset" 373
"../../../Engine/Content/VREditor/LaserPointer/LaserPointerMaterial.uasset" 374
"../../../Engine/Content/VREditor/LaserPointer/LaserPointerMaterialInst.uasset" 375
"../../../Engine/Content/VREditor/LaserPointer/TranslucentLaserPointerMaterialInst.uasset" 376
"../../../Engine/Content/VREditor/LaserPointer/LaserPointerMesh.uasset" 377
"../../../Engine/Content/VREditor/LaserPointer/LaserPointerMesh_End.uasset" 378
"../../../Engine/Content/VREditor/LaserPointer/LaserPointerMesh_Start.uasset" 379
"../../../Engine/Content/Functions/Engine_MaterialFunctions02/Utility/BreakOutFloat3Components.uasset" 380
"../../../Engine/Content/Functions/Engine_MaterialFunctions02/Math/Transform3x3Matrix.uasset" 381
"../../../Engine/Content/Functions/Engine_MaterialFunctions02/SplitComponents.uasset" 382
"../../../Engine/Content/Functions/Engine_MaterialFunctions02/Utility/MakeFloat3.uasset" 383
"../../../Engine/Content/VREditor/SnapGrid/SnapGridMaterial.uasset" 384
"../../../Engine/Content/VREditor/SnapGrid/SnapGridPlaneMesh.uasset" 385
"../../../Engine/Content/VREditor/Sounds/VR_teleport.uasset" 386
"../../../Engine/Content/VREditor/Sounds/UI/Click_on_Button_Cue.uasset" 387
"../../../Engine/Content/VREditor/Sounds/UI/Dockable_Window_Close.uasset" 388
"../../../Engine/Content/VREditor/Sounds/UI/Dockable_Window_Drop.uasset" 389
"../../../Engine/Content/VREditor/Sounds/UI/Dockable_Window_Open.uasset" 390
"../../../Engine/Content/VREditor/Sounds/UI/Dockable_Window_Pick_Up.uasset" 391
"../../../Engine/Content/VREditor/Sounds/UI/Drop_Item_From_ContentBrowser.uasset" 392
"../../../Engine/Content/VREditor/Sounds/UI/Floating_UI_Open-001.uasset" 393
"../../../Engine/Content/VREditor/Sounds/UI/Gizmo_Handle_Clicked.uasset" 394
"../../../Engine/Content/VREditor/Sounds/UI/Object_PickUp.uasset" 395
"../../../Engine/Content/VREditor/Sounds/UI/Object_Snaps_To_Another_Actor.uasset" 396
"../../../Engine/Content/VREditor/Sounds/UI/Object_Snaps_To_Grid.uasset" 397
"../../../Engine/Content/VREditor/Sounds/UI/Radial_Menu_FadeOut.uasset" 398
"../../../Engine/Content/VREditor/Sounds/UI/Scaling_Down.uasset" 399
"../../../Engine/Content/VREditor/Sounds/UI/Scaling_Up.uasset" 400
"../../../Engine/Content/VREditor/Sounds/UI/Selection_Changes.uasset" 401
"../../../Engine/Content/VREditor/Sounds/UI/Teleport_Mode_Entered.uasset" 402
"../../../Engine/Content/VREditor/Teleport/TeleportDirectionMaterial.uasset" 403
"../../../Engine/Content/VREditor/Teleport/TeleportDirectionMaterial_Inst.uasset" 404
"../../../Engine/Content/VREditor/Teleport/TeleportDirectionMesh.uasset" 405
"../../../Engine/Content/VREditor/TransformGizmo/BoundingBoxCorner.uasset" 406
"../../../Engine/Content/VREditor/TransformGizmo/BoundingBoxEdge.uasset" 407
"../../../Engine/Content/VREditor/TransformGizmo/PlaneTranslationHandle.uasset" 408
"../../../Engine/Content/VREditor/TransformGizmo/RotationHandleFull.uasset" 409
"../../../Engine/Content/VREditor/TransformGizmo/RotationHandleIndicator.uasset" 410
"../../../Engine/Content/VREditor/TransformGizmo/RotationHandleQuarter.uasset" 411
"../../../Engine/Content/VREditor/TransformGizmo/Main.uasset" 412
"../../../Engine/Content/VREditor/TransformGizmo/Xray.uasset" 413
"../../../Engine/Content/VREditor/TransformGizmo/SM_Dialog_Close.uasset" 414
"../../../Engine/Content/VREditor/TransformGizmo/SM_Dialog_Move.uasset" 415
"../../../Engine/Content/VREditor/TransformGizmo/SM_Sequencer_Key.uasset" 416
"../../../Engine/Content/VREditor/TransformGizmo/SM_Sequencer_Node.uasset" 417
"../../../Engine/Content/VREditor/TransformGizmo/StartRotationHandleIndicator.uasset" 418
"../../../Engine/Content/VREditor/TransformGizmo/TranslucentTransformGizmoMaterial_Inst.uasset" 419
"../../../Engine/Content/VREditor/TransformGizmo/TransformGizmoFreeRotation.uasset" 420
"../../../Engine/Content/VREditor/TransformGizmo/TransformGizmoMaterial_Inst.uasset" 421
"../../../Engine/Content/VREditor/TransformGizmo/TranslateArrowHandle.uasset" 422
"../../../Engine/Content/VREditor/TransformGizmo/UniformScaleHandle.uasset" 423
"../../../Engine/Content/VREditor/UI/KeyDiskMaterial.uasset" 424
"../../../Engine/Content/VREditor/UI/DiscMaterial.uasset" 425
"../../../Engine/Content/VREditor/UI/SM_Radial_Disk.uasset" 426
"../../../Engine/Content/VREditor/WorldMovementGrid/SimpleGrid.uasset" 427
"../../../Engine/Content/VREditor/WorldMovementGrid/GridMaterial.uasset" 428
"../../../Engine/Content/VREditor/WorldMovementGrid/GridPostProcess.uasset" 429
"../../../Engine/Content/EditorLandscapeResources/FlattenHeightMat.uasset" 430
"../../../Engine/Content/VREditor/WorldMovementGrid/PlaneMesh.uasset" 431
"../../../Engine/Plugins/2D/Paper2D/Content/PlaceholderTextures/DummySpriteTexture.uasset" 432
"../../../Engine/Plugins/2D/Paper2D/Content/DummySprite.uasset" 433
"../../../Engine/Plugins/2D/Paper2D/Content/DefaultPaperTerrainMaterial.uasset" 434
"../../../Engine/Plugins/2D/Paper2D/Content/DefaultSpriteMaterial.uasset" 435
"../../../Engine/Plugins/2D/Paper2D/Content/MaskedUnlitSpriteMaterial.uasset" 436
"../../../Engine/Plugins/2D/Paper2D/Content/OpaqueUnlitSpriteMaterial.uasset" 437
"../../../Engine/Plugins/Media/MediaCompositing/Content/DefaultMediaPlaneMaterial.uasset" 438
"../../../Engine/Content/Functions/Engine_MaterialFunctions02/Utility/MakeFloat4.uasset" 439
"../../../Engine/Plugins/Runtime/AppleARKit/Content/ARKitCameraMaterial.uasset" 440
"../../../Engine/Plugins/Runtime/Oculus/OculusVR/Content/Textures/GearVRController_AO.uasset" 441
"../../../Engine/Plugins/Runtime/Oculus/OculusVR/Content/Textures/GearVRController_Color.uasset" 442
"../../../Engine/Plugins/Runtime/Oculus/OculusVR/Content/Textures/GearVRController_Normal.uasset" 443
"../../../Engine/Plugins/Runtime/Oculus/OculusVR/Content/Materials/GearVRControllerMaterial.uasset" 444
"../../../Engine/Plugins/Runtime/Oculus/OculusVR/Content/Meshes/GearVrController.uasset" 445
"../../../InfinityLab/Content/Assets/BaseLevel/Sphere_Blueprint.uasset" 446
"../../../InfinityLab/Content/Assets/BuzzerLight/lambert3.uasset" 447
"../../../InfinityLab/Content/Assets/BuzzerLight/lambert3_2.uasset" 448
"../../../Engine/Content/BasicShapes/Cone.uasset" 449
"../../../InfinityLab/Content/Assets/BuzzerLight/BuzzerLight_Blueprint.uasset" 450
"../../../InfinityLab/Content/VirtualRealityBP/Blueprints/MotionControllerPawn.uasset" 451
"../../../InfinityLab/Content/Assets/Fonts/PG_Roof_Runners_bold_Font.uasset" 452
"../../../InfinityLab/Content/Assets/Haptics/Level1/touchPanelLeft.uasset" 453
"../../../InfinityLab/Content/Assets/Haptics/Level1/touchPanelRight.uasset" 454
"../../../InfinityLab/Content/Assets/Sequences/BASE/CeilingPanel_BASE.uasset" 455
"../../../InfinityLab/Content/Assets/Sequences/BASE/TransportUp_BASE.uasset" 456
"../../../InfinityLab/Content/Assets/BuzzerLight/Green.uasset" 457
"../../../InfinityLab/Content/Assets/Fonts/RoofRunners.uasset" 458
"../../../InfinityLab/Content/Assets/KaitlynsPuzzles/KaitlynMaterials/Beaker1.uasset" 459
"../../../InfinityLab/Content/Assets/KaitlynsPuzzles/KaitlynMaterials/Beaker2.uasset" 460
"../../../InfinityLab/Content/Assets/KaitlynsPuzzles/KaitlynMaterials/Beaker3.uasset" 461
"../../../InfinityLab/Content/Assets/KaitlynsPuzzles/KaitlynMaterials/BurnerCoil1.uasset" 462
"../../../InfinityLab/Content/Assets/KaitlynsPuzzles/KaitlynMaterials/lambert1.uasset" 463
"../../../InfinityLab/Content/Assets/KaitlynsPuzzles/KaitlynMaterials/Table.uasset" 464
"../../../InfinityLab/Content/Assets/KristinaPuzzles/Mastermind/Colors/Blue.uasset" 465
"../../../InfinityLab/Content/Assets/KristinaPuzzles/Mastermind/Colors/Purple.uasset" 466
"../../../InfinityLab/Content/Assets/KristinaPuzzles/Mastermind/Colors/Yellow.uasset" 467
"../../../InfinityLab/Content/Assets/Materials/InstructionsBoard.uasset" 468
"../../../InfinityLab/Content/Assets/Materials/WallTest1_2.uasset" 469
"../../../InfinityLab/Content/Assets/Outlets/phongE1.uasset" 470
"../../../InfinityLab/Content/Assets/TransportPad/phongE1.uasset" 471
"../../../InfinityLab/Content/StarterContent/Blueprints/Assets/M_LightStage_Skybox_Black.uasset" 472
"../../../Engine/Content/BasicShapes/Plane.uasset" 473
"../../../InfinityLab/Content/Assets/BuzzerLight/lambert1.uasset" 474
"../../../InfinityLab/Content/Assets/BuzzerLight/lambert6.uasset" 475
"../../../InfinityLab/Content/Assets/BuzzerLight/Light.uasset" 476
"../../../InfinityLab/Content/Assets/Fireworks/Diamond/FW_RedDiam.uasset" 477
"../../../InfinityLab/Content/Assets/Fireworks/Diamond/NegativeSparks.uasset" 478
"../../../InfinityLab/Content/Assets/Fireworks/Round/FW_Orange.uasset" 479
"../../../InfinityLab/Content/Assets/Fireworks/Round/FW_Yellow_2.uasset" 480
"../../../InfinityLab/Content/Assets/Fireworks/Round/BaseLevelFW.uasset" 481
"../../../InfinityLab/Content/Assets/KristinaPuzzles/blinn2.uasset" 482
"../../../InfinityLab/Content/Assets/KristinaPuzzles/Dark_Chrome_Blinn.uasset" 483
"../../../InfinityLab/Content/Assets/KristinaPuzzles/Podium.uasset" 484
"../../../InfinityLab/Content/Assets/Outlets/Pipes_1.uasset" 485
"../../../InfinityLab/Content/Assets/Outlets/Vent2.uasset" 486
"../../../InfinityLab/Content/Assets/Outlets/Wall_Outlet_Top.uasset" 487
"../../../InfinityLab/Content/Assets/Sounds/buzzer.uasset" 488
"../../../InfinityLab/Content/Assets/Sounds/Kids-Saying-Yay-Sound-Effect.uasset" 489
"../../../InfinityLab/Content/Assets/Sounds/Music/VRLevel1Reverb.uasset" 490
"../../../InfinityLab/Content/Assets/Sounds/SofterBeef.uasset" 491
"../../../InfinityLab/Content/Assets/StaticMeshes/Base/ProceedArrow.uasset" 492
"../../../InfinityLab/Content/VirtualReality/Materials/MI_BaseMaterial2.uasset" 493
"../../../InfinityLab/Content/Assets/StaticMeshes/Floor_StaticMesh.uasset" 494
"../../../InfinityLab/Content/Assets/StaticMeshes/RoomMeshes/CeilingPanelStaticMesh.uasset" 495
"../../../InfinityLab/Content/Assets/StaticMeshes/RoomMeshes/InstructionsLevel1.uasset" 496
"../../../InfinityLab/Content/Assets/StaticMeshes/RoomMeshes/SudoRoofMesh.uasset" 497
"../../../InfinityLab/Content/Assets/TransportPad/phongE2.uasset" 498
"../../../InfinityLab/Content/Assets/TransportPad/phongE3.uasset" 499
"../../../InfinityLab/Content/Assets/TransportPad/phongE4.uasset" 500
"../../../InfinityLab/Content/Assets/TransportPad/Teleport_Pad.uasset" 501
"../../../InfinityLab/Content/Assets/TransportPad/TransportRoofMesh.uasset" 502
"../../../InfinityLab/Content/Wall2_StaticMesh.uasset" 503
"../../../InfinityLab/Content/Wall3_StaticMesh.uasset" 504
"../../../InfinityLab/Content/Wall4_StaticMesh.uasset" 505
"../../../InfinityLab/Content/VirtualRealityBP/Maps/BASELEVEL.umap" 506
"../../../InfinityLab/Content/Assets/Haptics/Level1/PuzzleSubmitLeft.uasset" 507
"../../../InfinityLab/Content/Assets/Haptics/Level1/PuzzleSubmitRight.uasset" 508
"../../../InfinityLab/Content/Assets/Sounds/Checkout_Scanner_Beep-SoundBible_com-593325210.uasset" 509
"../../../InfinityLab/Content/VirtualRealityBP/Maps/InstructionsTest.umap" 510
"../../../InfinityLab/Content/Assets/KristinaPuzzles/Mastermind/Button_Blueprint.uasset" 511
"../../../InfinityLab/Content/Assets/KristinaPuzzles/Mastermind/PastGuessesScreen.uasset" 512
"../../../InfinityLab/Content/Assets/KristinaPuzzles/Mastermind/Colors/Orange.uasset" 513
"../../../InfinityLab/Content/VirtualRealityBP/Blueprints/Level2BP/PanelBP/Panel1_Blueprint.uasset" 514
"../../../InfinityLab/Content/VirtualRealityBP/Blueprints/Level2BP/PanelBP/Panel2_Blueprint.uasset" 515
"../../../InfinityLab/Content/VirtualRealityBP/Blueprints/Level2BP/PanelBP/Panel3_Blueprint.uasset" 516
"../../../InfinityLab/Content/VirtualRealityBP/Blueprints/Level2BP/PanelBP/Panel4_Blueprint.uasset" 517
"../../../InfinityLab/Content/Assets/Haptics/Level3/touchLockLeft.uasset" 518
"../../../InfinityLab/Content/Assets/Haptics/Level3/touchLockRight.uasset" 519
"../../../InfinityLab/Content/Assets/Sequences/Level1/CeilingPanel_Level1.uasset" 520
"../../../InfinityLab/Content/Assets/Sequences/Level1/TransportUp_Level1.uasset" 521
"../../../InfinityLab/Content/VirtualRealityBP/Maps/Level1_BuiltData.uasset" 522
"../../../InfinityLab/Content/Assets/KaitlynsPuzzles/KaitlynMaterials/blinn1.uasset" 523
"../../../InfinityLab/Content/Assets/Materials/Podium_Level1.uasset" 524
"../../../InfinityLab/Content/Assets/Fireworks/Round/Level1Fireworks.uasset" 525
"../../../InfinityLab/Content/Assets/Outlets/Wall_Outlet_Side.uasset" 526
"../../../InfinityLab/Content/Assets/Sounds/A-Tone-His_Self-1266414414.uasset" 527
"../../../InfinityLab/Content/Assets/Sounds/Alert1.uasset" 528
"../../../InfinityLab/Content/Assets/Sounds/Beep_Ping-SoundBible_com-217088958.uasset" 529
"../../../InfinityLab/Content/Assets/Sounds/Music/VRLevel2Reverb.uasset" 530
"../../../InfinityLab/Content/Assets/StaticMeshes/RoomMeshes/Largepanel.uasset" 531
"../../../InfinityLab/Content/VirtualRealityBP/Maps/Level1.umap" 532
"../../../InfinityLab/Content/Assets/KaitlynsPuzzles/Flasks/Flask_Rounded_pasted__pasted__pasted__pCylinder4.uasset" 533
"../../../InfinityLab/Content/Assets/KaitlynsPuzzles/Flasks/Flask_Rounded_pasted__pasted__pasted__pCylinder4_DM.uasset" 534
"../../../InfinityLab/Content/F1destructable_Blueprint.uasset" 535
"../../../InfinityLab/Content/F2destructable_Blueprint.uasset" 536
"../../../InfinityLab/Content/F3destructable_Blueprint.uasset" 537
"../../../InfinityLab/Content/Assets/KaitlynsPuzzles/Flasks/Flask_Hopefully_Final.uasset" 538
"../../../InfinityLab/Content/Assets/KaitlynsPuzzles/KaitlynBP/FlaskBP2.uasset" 539
"../../../InfinityLab/Content/Assets/KaitlynsPuzzles/KaitlynBP/FlaskBP3.uasset" 540
"../../../InfinityLab/Content/Assets/KaitlynsPuzzles/KaitlynBP/GrabFlask1.uasset" 541
"../../../InfinityLab/Content/Assets/KaitlynsPuzzles/KaitlynMaterials/TT.uasset" 542
"../../../InfinityLab/Content/Assets/KaitlynsPuzzles/Test_Tube_pasted__pCylinder3.uasset" 543
"../../../InfinityLab/Content/Assets/KaitlynsPuzzles/KaitlynBP/TestTubeGrab1.uasset" 544
"../../../InfinityLab/Content/Assets/KaitlynsPuzzles/KaitlynMaterials/TestTube2.uasset" 545
"../../../InfinityLab/Content/Assets/KaitlynsPuzzles/KaitlynBP/TestTubeGrab2.uasset" 546
"../../../InfinityLab/Content/Assets/KaitlynsPuzzles/KaitlynMaterials/TestTube1.uasset" 547
"../../../InfinityLab/Content/Assets/KaitlynsPuzzles/KaitlynBP/TestTubeGrab3.uasset" 548
"../../../InfinityLab/Content/Assets/KaitlynsPuzzles/KaitlynMaterials/TestTube.uasset" 549
"../../../InfinityLab/Content/Assets/KaitlynsPuzzles/KaitlynBP/TestTubeGrab4.uasset" 550
"../../../InfinityLab/Content/Assets/Haptics/Level2/BurnerButtonPush.uasset" 551
"../../../InfinityLab/Content/Assets/Haptics/Level2/BurnerButtonPush1L.uasset" 552
"../../../InfinityLab/Content/Assets/Haptics/Level2/BurnerHaptic.uasset" 553
"../../../InfinityLab/Content/Assets/Haptics/Level2/ExplosionHaptic.uasset" 554
"../../../InfinityLab/Content/Assets/Sequences/Level2/CeilingPanel_Level2.uasset" 555
"../../../InfinityLab/Content/Assets/Sequences/Level2/TransportUp_Level2.uasset" 556
"../../../InfinityLab/Content/Assets/BuzzerLight/GlowRed.uasset" 557
"../../../InfinityLab/Content/Assets/KaitlynsPuzzles/KaitlynMaterials/BurnerCoil.uasset" 558
"../../../InfinityLab/Content/Assets/KaitlynsPuzzles/KaitlynMaterials/ColorClueYellowGreen.uasset" 559
"../../../InfinityLab/Content/Assets/KaitlynsPuzzles/KaitlynMaterials/Table1.uasset" 560
"../../../InfinityLab/Content/Assets/KaitlynsPuzzles/KaitlynMaterials/TestTube1_2.uasset" 561
"../../../InfinityLab/Content/Assets/KaitlynsPuzzles/KaitlynMaterials/TestTube2_2.uasset" 562
"../../../InfinityLab/Content/Assets/KaitlynsPuzzles/KaitlynMaterials/TT_2.uasset" 563
"../../../InfinityLab/Content/Assets/KaitlynsPuzzles/KaitlynMaterials/TTHolder.uasset" 564
"../../../InfinityLab/Content/Assets/Fireworks/Round/Level2_Purple.uasset" 565
"../../../InfinityLab/Content/Assets/Fireworks/Round/Level2Fireworks.uasset" 566
"../../../InfinityLab/Content/Assets/KaitlynsPuzzles/Other/phong1.uasset" 567
"../../../InfinityLab/Content/Assets/KaitlynsPuzzles/Other/Table.uasset" 568
"../../../InfinityLab/Content/Assets/KaitlynsPuzzles/KaitlynMaterials/MayaMaterials/blinn1.uasset" 569
"../../../InfinityLab/Content/Assets/KaitlynsPuzzles/Test_Tube_Holder_pCube4.uasset" 570
"../../../InfinityLab/Content/Assets/Sounds/bubbling1.uasset" 571
"../../../InfinityLab/Content/Assets/Sounds/Ding2.uasset" 572
"../../../InfinityLab/Content/Assets/Sounds/explosion1.uasset" 573
"../../../InfinityLab/Content/Assets/Sounds/glassbreak1.uasset" 574
"../../../InfinityLab/Content/Assets/Sounds/Music/VRLevel3Reverb.uasset" 575
"../../../InfinityLab/Content/Assets/Sounds/YesBeep.uasset" 576
"../../../InfinityLab/Content/Assets/StaticMeshes/Level2/CeilingTube.uasset" 577
"../../../InfinityLab/Content/Assets/StaticMeshes/Level2/TrashCan2.uasset" 578
"../../../InfinityLab/Content/Assets/StaticMeshes/RoomMeshes/Floor_StaticMesh.uasset" 579
"../../../InfinityLab/Content/StarterContent/Shapes/Shape_Cylinder.uasset" 580
"../../../InfinityLab/Content/VirtualRealityBP/Maps/Level2.umap" 581
"../../../InfinityLab/Content/Assets/KristinaPuzzles/TransparentWhite.uasset" 582
"../../../InfinityLab/Content/Assets/KristinaPuzzles/Level3/BoxLid.uasset" 583
"../../../InfinityLab/Content/Assets/KristinaPuzzles/Level3/BoxLid_Blueprint.uasset" 584
"../../../InfinityLab/Content/Assets/KristinaPuzzles/Level3/BoxTest.uasset" 585
"../../../InfinityLab/Content/Assets/KristinaPuzzles/Mastermind/Button_Blueprint1.uasset" 586
"../../../InfinityLab/Content/Assets/KristinaPuzzles/Mastermind/Button_Blueprint2.uasset" 587
"../../../InfinityLab/Content/Assets/Fonts/digital-7WIDGET.uasset" 588
"../../../InfinityLab/Content/Assets/Fonts/digital-7WIDGET_Font.uasset" 589
"../../../InfinityLab/Content/Assets/StaticMeshes/Level3Panels/LockNumText.uasset" 590
"../../../InfinityLab/Content/Assets/StaticMeshes/Level3Panels/LockNum1.uasset" 591
"../../../InfinityLab/Content/Assets/StaticMeshes/Level3Panels/LockNumText_2.uasset" 592
"../../../InfinityLab/Content/Assets/StaticMeshes/Level3Panels/LockNum1_2.uasset" 593
"../../../InfinityLab/Content/Assets/StaticMeshes/Level3Panels/LockNumText_3.uasset" 594
"../../../InfinityLab/Content/Assets/StaticMeshes/Level3Panels/LockNum1_3.uasset" 595
"../../../InfinityLab/Content/Assets/StaticMeshes/Level3Panels/PanelPuzzleMesh.uasset" 596
"../../../InfinityLab/Content/Assets/StaticMeshes/Level3Panels/PanelPuzzleMesh_2.uasset" 597
"../../../InfinityLab/Content/Assets/StaticMeshes/Level3Panels/PanelPuzzleMesh_3.uasset" 598
"../../../InfinityLab/Content/Assets/StaticMeshes/Level3Panels/PanelPuzzleMesh_4.uasset" 599
"../../../InfinityLab/Content/Assets/StaticMeshes/Level3Panels/PanelPuzzleMesh_5.uasset" 600
"../../../InfinityLab/Content/Assets/StaticMeshes/Level3Panels/PanelPuzzleMesh_6.uasset" 601
"../../../InfinityLab/Content/Assets/StaticMeshes/Level3Panels/PanelPuzzleMesh_7.uasset" 602
"../../../InfinityLab/Content/Assets/StaticMeshes/Level3Panels/PanelPuzzleMesh_8.uasset" 603
"../../../InfinityLab/Content/Assets/StaticMeshes/Level3Panels/PanelPuzzleMesh_9.uasset" 604
"../../../InfinityLab/Content/VirtualRealityBP/Maps/Level3_BuiltData.uasset" 605
"../../../InfinityLab/Content/StarterContent/Materials/M_Basic_Floor.uasset" 606
"../../../InfinityLab/Content/Assets/Fireworks/Round/FW_Black.uasset" 607
"../../../InfinityLab/Content/Assets/Fireworks/Round/FW_Red.uasset" 608
"../../../InfinityLab/Content/Assets/Fireworks/Round/Round_Firework1.uasset" 609
"../../../InfinityLab/Content/Assets/Sounds/Music/VRLevel4Reverb.uasset" 610
"../../../InfinityLab/Content/VirtualRealityBP/Maps/Level3.umap" 611
"../../../InfinityLab/Content/VirtualRealityBP/Maps/StartGameMode.uasset" 612
"../../../InfinityLab/Content/VirtualRealityBP/Maps/Start.umap" 613
"../../../Engine/Content/Maps/Entry.umap" 614
